
ROM used:   411/8192 (5%)
            411/8192 (5%) including unused fragments

            0.1 Average locations per line
            1.5 Average locations per statement

RAM used:   21/368 (6%) at main() level
            38/368 (10%) worst case

Stack used: 0 worst case (0 in main + 0 for interrupts)
Stack size: 8

Lines Stmts  %   Files
----- ----- ---  -----
   72    17   6  src.c
  708     0   0  E:\CCS C Compiler 5.109\Install Directory\Devices\16F877A.h
 2228   258  94  E:\CCS C Compiler 5.109\Install Directory\Drivers\math.h
----- -----
 3008   275 Total

Page ROM  %  RAM    Vol Diff  Functions:
---- --- --- ---    --- ----  ----------
0     33   8    4             @SFTOI
0     31   8    2             @ITOF
0    119  29   13             @MULFF
0    203  49    3    585  6.4  MAIN
0     21   5    3             @DIV88
 Inline         0             @cinit1

Program metrics:
    Functions               1
    Statements              275
    Comments                421
    Volume (V)              596
    Difficulty (D)          5.8
    Effort to implement (E) 3428
    Time to implement (T)   3 minutes
    Est Delivered Bugs (B)  0
    Cyclomatic Complexity   2
    Maintainability (MI)    64

 Segment     Used  Free
-----------  ----  ----
00000-00003     4  0  
00004-007FF   407  1637  
00800-00FFF     0  2048  
01000-017FF     0  2048  
01800-01FFF     0  2048  



